{
  "stats": {
    "suites": 1,
    "tests": 3,
    "passes": 3,
    "pending": 0,
    "failures": 0,
    "start": "2022-09-13T13:15:11.371Z",
    "end": "2022-09-13T13:15:18.721Z",
    "duration": 7350,
    "testsRegistered": 3,
    "passPercent": 100,
    "pendingPercent": 0,
    "other": 0,
    "hasOther": false,
    "skipped": 0,
    "hasSkipped": false
  },
  "results": [
    {
      "uuid": "c2133261-1f76-4478-b35f-c58bef402650",
      "title": "",
      "fullFile": "cypress\\e2e\\3-ALURAPIC\\alurapic.cy.js",
      "file": "cypress\\e2e\\3-ALURAPIC\\alurapic.cy.js",
      "beforeHooks": [],
      "afterHooks": [],
      "tests": [],
      "suites": [
        {
          "uuid": "5c57dac3-04f0-4876-a52f-a70370c04e8b",
          "title": "Login e registro de usuários alura pic",
          "fullFile": "",
          "file": "",
          "beforeHooks": [],
          "afterHooks": [],
          "tests": [
            {
              "title": "verifica mensagens validação",
              "fullTitle": "Login e registro de usuários alura pic verifica mensagens validação",
              "timedOut": null,
              "duration": 2313,
              "state": "passed",
              "speed": "fast",
              "pass": true,
              "fail": false,
              "pending": false,
              "context": null,
              "code": "cy.contains(\"a\", \"Register now\").click();\ncy.contains(\"button\", \"Register\").click();\ncy.contains(\"ap-vmessage\", \"Email is required\").should(\"be.visible\");\ncy.contains(\"button\", \"Register\").click();\ncy.contains(\"ap-vmessage\", \"User name is required\").should(\"be.visible\");\ncy.contains(\"ap-vmessage\", \"Password is required\").should(\"be.visible\");\ncy.contains(\"ap-vmessage\", \"Full name is required\").should(\"be.visible\");",
              "err": {},
              "uuid": "76d20b80-84eb-435b-8c13-56c98b8307de",
              "parentUUID": "5c57dac3-04f0-4876-a52f-a70370c04e8b",
              "isHook": false,
              "skipped": false
            },
            {
              "title": "verifica mensagens de email inválido",
              "fullTitle": "Login e registro de usuários alura pic verifica mensagens de email inválido",
              "timedOut": null,
              "duration": 1269,
              "state": "passed",
              "speed": "fast",
              "pass": true,
              "fail": false,
              "pending": false,
              "context": null,
              "code": "cy.contains(\"a\", \"Register now\").click();\ncy.contains(\"button\", \"Register\").click();\ncy.get(\"input[formcontrolname=email]\").type(\"Emanuel\");\ncy.contains(\"ap-vmessage\", \"Invalid e-mail\").should(\"be.visible\");",
              "err": {},
              "uuid": "92c1fcba-a048-4fa5-8b6b-e05d57a94e13",
              "parentUUID": "5c57dac3-04f0-4876-a52f-a70370c04e8b",
              "isHook": false,
              "skipped": false
            },
            {
              "title": "verifica mensagens de senha com menos de 8 caracteres",
              "fullTitle": "Login e registro de usuários alura pic verifica mensagens de senha com menos de 8 caracteres",
              "timedOut": null,
              "duration": 1309,
              "state": "passed",
              "speed": "fast",
              "pass": true,
              "fail": false,
              "pending": false,
              "context": null,
              "code": "cy.contains(\"a\", \"Register now\").click();\ncy.contains(\"button\", \"Register\").click();\ncy.get(\"input[formcontrolname=password]\").type(\"123\");\ncy.contains(\"button\", \"Register\").click();\ncy.contains(\"ap-vmessage\", \"Mininum length is 8\").should(\"be.visible\");",
              "err": {},
              "uuid": "5b647f43-4468-480d-b88c-9995f91bec5f",
              "parentUUID": "5c57dac3-04f0-4876-a52f-a70370c04e8b",
              "isHook": false,
              "skipped": false
            }
          ],
          "suites": [],
          "passes": [
            "76d20b80-84eb-435b-8c13-56c98b8307de",
            "92c1fcba-a048-4fa5-8b6b-e05d57a94e13",
            "5b647f43-4468-480d-b88c-9995f91bec5f"
          ],
          "failures": [],
          "pending": [],
          "skipped": [],
          "duration": 4891,
          "root": false,
          "rootEmpty": false,
          "_timeout": 2000
        }
      ],
      "passes": [],
      "failures": [],
      "pending": [],
      "skipped": [],
      "duration": 0,
      "root": true,
      "rootEmpty": true,
      "_timeout": 2000
    }
  ],
  "meta": {
    "mocha": {
      "version": "7.0.1"
    },
    "mochawesome": {
      "options": {
        "quiet": false,
        "reportFilename": "mochawesome",
        "saveHtml": true,
        "saveJson": true,
        "consoleReporter": "spec",
        "useInlineDiffs": false,
        "code": true
      },
      "version": "7.1.3"
    },
    "marge": {
      "options": null,
      "version": "6.2.0"
    }
  }
}